<?xml version="1.0" encoding="UTF-8"?>
<!-- Generated by org.testng.reporters.JUnitXMLReporter -->
<testsuite ignored="0" hostname="HGT-LAP-310" failures="0" tests="16" name="Test" time="0.852" errors="0" timestamp="2024-05-09T17:41:08 IST">
  <testcase classname="TestCase.FormTemplate_Testcases_Node2" name="@BeforeMethod Start" time="0.587">
    <failure type="org.openqa.selenium.remote.NoSuchDriverException" message="Unable to obtain: chromedriver, error chrome must exist: C:\usr\bin\sgoogle-chrome-stable
For documentation on this error, please visit: https://www.selenium.dev/documentation/webdriver/troubleshooting/errors/driver_location/
Build info: version: &amp;apos;4.20.0&amp;apos;, revision: &amp;apos;866c76ca80&amp;apos;
System info: os.name: &amp;apos;Windows 11&amp;apos;, os.arch: &amp;apos;amd64&amp;apos;, os.version: &amp;apos;10.0&amp;apos;, java.version: &amp;apos;21.0.1&amp;apos;
Driver info: driver.version: ChromeDriver">
      <![CDATA[org.openqa.selenium.remote.NoSuchDriverException: Unable to obtain: chromedriver, error chrome must exist: C:\usr\bin\sgoogle-chrome-stable
For documentation on this error, please visit: https://www.selenium.dev/documentation/webdriver/troubleshooting/errors/driver_location/
Build info: version: '4.20.0', revision: '866c76ca80'
System info: os.name: 'Windows 11', os.arch: 'amd64', os.version: '10.0', java.version: '21.0.1'
Driver info: driver.version: ChromeDriver
at org.openqa.selenium.remote.service.DriverFinder.getBinaryPaths(DriverFinder.java:121)
at org.openqa.selenium.remote.service.DriverFinder.getDriverPath(DriverFinder.java:55)
at org.openqa.selenium.chrome.ChromeDriver.generateExecutor(ChromeDriver.java:99)
at org.openqa.selenium.chrome.ChromeDriver.<init>(ChromeDriver.java:88)
at org.openqa.selenium.chrome.ChromeDriver.<init>(ChromeDriver.java:83)
at org.openqa.selenium.chrome.ChromeDriver.<init>(ChromeDriver.java:72)
at TestBase.testCaseBase.setup(testCaseBase.java:74)
at TestCase.FormTemplate_Testcases_Node2.Start(FormTemplate_Testcases_Node2.java:53)
at java.base/java.util.ArrayList.forEach(ArrayList.java:1596)
Caused by: java.lang.IllegalStateException: chrome must exist: C:\usr\bin\sgoogle-chrome-stable
at org.openqa.selenium.internal.Require$FileStateChecker.isFile(Require.java:346)
at org.openqa.selenium.internal.Require$FileStateChecker.isExecutable(Require.java:368)
at org.openqa.selenium.remote.service.DriverFinder.getBinaryPaths(DriverFinder.java:104)
... 37 more
... Removed 29 stack frames]]>
    </failure>
  </testcase> <!-- @BeforeMethod Start -->
  <testcase classname="TestCase.FormTemplate_Testcases_Node2" name="@BeforeMethod Start" time="-1.715256668587E9">
    <skipped/>
  </testcase> <!-- @BeforeMethod Start -->
  <testcase classname="TestCase.FormTemplate_Testcases_Node2" name="@BeforeMethod Start" time="-1.715256668592E9">
    <skipped/>
  </testcase> <!-- @BeforeMethod Start -->
  <testcase classname="TestCase.FormTemplate_Testcases_Node2" name="@BeforeMethod Start" time="-1.715256668596E9">
    <skipped/>
  </testcase> <!-- @BeforeMethod Start -->
  <testcase classname="TestCase.FormTemplate_Testcases_Node2" name="@BeforeMethod Start" time="-1.715256668599E9">
    <skipped/>
  </testcase> <!-- @BeforeMethod Start -->
  <testcase classname="TestCase.FormTemplate_Testcases_Node2" name="@BeforeMethod Start" time="-1.715256668602E9">
    <skipped/>
  </testcase> <!-- @BeforeMethod Start -->
  <testcase classname="TestCase.FormTemplate_Testcases_Node2" name="@BeforeMethod Start" time="-1.715256668605E9">
    <skipped/>
  </testcase> <!-- @BeforeMethod Start -->
  <testcase classname="TestCase.FormTemplate_Testcases_Node2" name="@BeforeMethod Start" time="-1.715256668607E9">
    <skipped/>
  </testcase> <!-- @BeforeMethod Start -->
  <testcase classname="TestCase.FormTemplate_Testcases_Node2" name="@BeforeMethod Start" time="-1.71525666861E9">
    <skipped/>
  </testcase> <!-- @BeforeMethod Start -->
  <testcase classname="TestCase.FormTemplate_Testcases_Node2" name="@BeforeMethod Start" time="-1.715256668613E9">
    <skipped/>
  </testcase> <!-- @BeforeMethod Start -->
  <testcase classname="TestCase.FormTemplate_Testcases_Node2" name="@BeforeMethod Start" time="-1.71525666862E9">
    <skipped/>
  </testcase> <!-- @BeforeMethod Start -->
  <testcase classname="TestCase.FormTemplate_Testcases_Node2" name="@BeforeMethod Start" time="-1.715256668625E9">
    <skipped/>
  </testcase> <!-- @BeforeMethod Start -->
  <testcase classname="TestCase.FormTemplate_Testcases_Node2" name="@BeforeMethod Start" time="-1.715256668629E9">
    <skipped/>
  </testcase> <!-- @BeforeMethod Start -->
  <testcase classname="TestCase.FormTemplate_Testcases_Node2" name="@BeforeMethod Start" time="-1.715256668631E9">
    <skipped/>
  </testcase> <!-- @BeforeMethod Start -->
  <testcase classname="TestCase.FormTemplate_Testcases_Node2" name="@BeforeMethod Start" time="-1.715256668633E9">
    <skipped/>
  </testcase> <!-- @BeforeMethod Start -->
  <testcase classname="TestCase.FormTemplate_Testcases_Node2" name="@BeforeMethod Start" time="-1.715256668636E9">
    <skipped/>
  </testcase> <!-- @BeforeMethod Start -->
  <testcase classname="TestCase.FormTemplate_Testcases_Node2" name="BasicFieldsYesORNo" time="0.0">
    <skipped/>
  </testcase> <!-- BasicFieldsYesORNo -->
  <testcase classname="TestCase.FormTemplate_Testcases_Node2" name="BasicFieldsCheckbox" time="0.0">
    <skipped/>
  </testcase> <!-- BasicFieldsCheckbox -->
  <testcase classname="TestCase.FormTemplate_Testcases_Node2" name="BasicFieldsCheckBoxGroup" time="0.0">
    <skipped/>
  </testcase> <!-- BasicFieldsCheckBoxGroup -->
  <testcase classname="TestCase.FormTemplate_Testcases_Node2" name="BasicFieldsDocument" time="0.0">
    <skipped/>
  </testcase> <!-- BasicFieldsDocument -->
  <testcase classname="TestCase.FormTemplate_Testcases_Node2" name="BasicFieldsRadio" time="0.0">
    <skipped/>
  </testcase> <!-- BasicFieldsRadio -->
  <testcase classname="TestCase.FormTemplate_Testcases_Node2" name="BasicFieldsRadioGroup" time="0.0">
    <skipped/>
  </testcase> <!-- BasicFieldsRadioGroup -->
  <testcase classname="TestCase.FormTemplate_Testcases_Node2" name="BasicFieldsPhone" time="0.0">
    <skipped/>
  </testcase> <!-- BasicFieldsPhone -->
  <testcase classname="TestCase.FormTemplate_Testcases_Node2" name="BasicFieldsSignature" time="0.0">
    <skipped/>
  </testcase> <!-- BasicFieldsSignature -->
  <testcase classname="TestCase.FormTemplate_Testcases_Node2" name="BasicFieldsCaptcha" time="0.0">
    <skipped/>
  </testcase> <!-- BasicFieldsCaptcha -->
  <testcase classname="TestCase.FormTemplate_Testcases_Node2" name="ContentHeading" time="0.0">
    <skipped/>
  </testcase> <!-- ContentHeading -->
  <testcase classname="TestCase.FormTemplate_Testcases_Node2" name="ContentHTML" time="0.0">
    <skipped/>
  </testcase> <!-- ContentHTML -->
  <testcase classname="TestCase.FormTemplate_Testcases_Node2" name="ContentParagraph" time="0.0">
    <skipped/>
  </testcase> <!-- ContentParagraph -->
  <testcase classname="TestCase.FormTemplate_Testcases_Node2" name="ContentSingleLineContent" time="0.0">
    <skipped/>
  </testcase> <!-- ContentSingleLineContent -->
  <testcase classname="TestCase.FormTemplate_Testcases_Node2" name="ContentImage" time="0.0">
    <skipped/>
  </testcase> <!-- ContentImage -->
  <testcase classname="TestCase.FormTemplate_Testcases_Node2" name="ContentVideo" time="0.0">
    <skipped/>
  </testcase> <!-- ContentVideo -->
  <testcase classname="TestCase.FormTemplate_Testcases_Node2" name="ContentActionButton" time="0.0">
    <skipped/>
  </testcase> <!-- ContentActionButton -->
</testsuite> <!-- Test -->
