<?xml version="1.0" encoding="UTF-8"?>
<!-- Generated by org.testng.reporters.JUnitReportReporter -->
<testsuite hostname="HGT-LAP-310" failures="0" tests="85" name="TestCase.TestCases_Prudhvi2" time="181.629" errors="1" timestamp="2024-07-19T12:23:52 IST" skipped="84">
  <testcase classname="TestCase.TestCases_Prudhvi2" name="initialize" time="181.629">
    <error message="java.util.concurrent.TimeoutException
Build info: version: &#039;4.22.0&#039;, revision: &#039;c5f3146703*&#039;
System info: os.name: &#039;Windows 11&#039;, os.arch: &#039;amd64&#039;, os.version: &#039;10.0&#039;, java.version: &#039;21.0.1&#039;
Driver info: org.openqa.selenium.chrome.ChromeDriver
Command: [31591897f2398b118a2a6944dd50ca2c, get {url=https://nsui.esigns.io/signin}]
Capabilities {acceptInsecureCerts: false, browserName: chrome, browserVersion: 126.0.6478.128, chrome: {chromedriverVersion: 126.0.6478.182 (5b5d8292ddf..., userDataDir: C:\Users\PRUDHV~1.BUD\AppDa...}, fedcm:accounts: true, goog:chromeOptions: {debuggerAddress: localhost:65508}, networkConnectionEnabled: false, pageLoadStrategy: normal, platformName: windows, proxy: Proxy(), se:cdp: ws://localhost:65508/devtoo..., se:cdpVersion: 126.0.6478.128, setWindowRect: true, strictFileInteractability: false, timeouts: {implicit: 0, pageLoad: 300000, script: 30000}, unhandledPromptBehavior: dismiss and notify, webauthn:extension:credBlob: true, webauthn:extension:largeBlob: true, webauthn:extension:minPinLength: true, webauthn:extension:prf: true, webauthn:virtualAuthenticators: true}
Session ID: 31591897f2398b118a2a6944dd50ca2c" type="org.openqa.selenium.TimeoutException">
      <![CDATA[org.openqa.selenium.TimeoutException: java.util.concurrent.TimeoutException
Build info: version: '4.22.0', revision: 'c5f3146703*'
System info: os.name: 'Windows 11', os.arch: 'amd64', os.version: '10.0', java.version: '21.0.1'
Driver info: org.openqa.selenium.chrome.ChromeDriver
Command: [31591897f2398b118a2a6944dd50ca2c, get {url=https://nsui.esigns.io/signin}]
Capabilities {acceptInsecureCerts: false, browserName: chrome, browserVersion: 126.0.6478.128, chrome: {chromedriverVersion: 126.0.6478.182 (5b5d8292ddf..., userDataDir: C:\Users\PRUDHV~1.BUD\AppDa...}, fedcm:accounts: true, goog:chromeOptions: {debuggerAddress: localhost:65508}, networkConnectionEnabled: false, pageLoadStrategy: normal, platformName: windows, proxy: Proxy(), se:cdp: ws://localhost:65508/devtoo..., se:cdpVersion: 126.0.6478.128, setWindowRect: true, strictFileInteractability: false, timeouts: {implicit: 0, pageLoad: 300000, script: 30000}, unhandledPromptBehavior: dismiss and notify, webauthn:extension:credBlob: true, webauthn:extension:largeBlob: true, webauthn:extension:minPinLength: true, webauthn:extension:prf: true, webauthn:virtualAuthenticators: true}
Session ID: 31591897f2398b118a2a6944dd50ca2c
at org.openqa.selenium.remote.http.jdk.JdkHttpClient.execute0(JdkHttpClient.java:399)
at org.openqa.selenium.remote.http.AddSeleniumUserAgent.lambda$apply$0(AddSeleniumUserAgent.java:42)
at org.openqa.selenium.remote.http.Filter.lambda$andFinally$1(Filter.java:55)
at org.openqa.selenium.remote.http.jdk.JdkHttpClient.execute(JdkHttpClient.java:355)
at org.openqa.selenium.remote.HttpCommandExecutor.execute(HttpCommandExecutor.java:187)
at org.openqa.selenium.remote.service.DriverCommandExecutor.invokeExecute(DriverCommandExecutor.java:216)
at org.openqa.selenium.remote.service.DriverCommandExecutor.execute(DriverCommandExecutor.java:174)
at org.openqa.selenium.remote.RemoteWebDriver.execute(RemoteWebDriver.java:518)
at org.openqa.selenium.remote.RemoteWebDriver.get(RemoteWebDriver.java:300)
at TestCase.TestCases_Prudhvi2.setupDriver(TestCases_Prudhvi2.java:31)
at TestCase.TestCases_Prudhvi2.initialize(TestCases_Prudhvi2.java:36)
at java.base/jdk.internal.reflect.DirectMethodHandleAccessor.invoke(DirectMethodHandleAccessor.java:103)
at java.base/java.lang.reflect.Method.invoke(Method.java:580)
at org.testng.internal.MethodInvocationHelper.invokeMethod(MethodInvocationHelper.java:133)
at org.testng.internal.MethodInvocationHelper.invokeMethodConsideringTimeout(MethodInvocationHelper.java:62)
at org.testng.internal.ConfigInvoker.invokeConfigurationMethod(ConfigInvoker.java:385)
at org.testng.internal.ConfigInvoker.invokeConfigurations(ConfigInvoker.java:321)
at org.testng.internal.TestInvoker.runConfigMethods(TestInvoker.java:700)
at org.testng.internal.TestInvoker.invokeMethod(TestInvoker.java:527)
at org.testng.internal.TestInvoker.invokeTestMethod(TestInvoker.java:173)
at org.testng.internal.MethodRunner.runInSequence(MethodRunner.java:46)
at org.testng.internal.TestInvoker$MethodInvocationAgent.invoke(TestInvoker.java:824)
at org.testng.internal.TestInvoker.invokeTestMethods(TestInvoker.java:146)
at org.testng.internal.TestMethodWorker.invokeTestMethods(TestMethodWorker.java:146)
at org.testng.internal.TestMethodWorker.run(TestMethodWorker.java:128)
at java.base/java.util.ArrayList.forEach(ArrayList.java:1596)
at org.testng.TestRunner.privateRun(TestRunner.java:794)
at org.testng.TestRunner.run(TestRunner.java:596)
at org.testng.SuiteRunner.runTest(SuiteRunner.java:377)
at org.testng.SuiteRunner.runSequentially(SuiteRunner.java:371)
at org.testng.SuiteRunner.privateRun(SuiteRunner.java:332)
at org.testng.SuiteRunner.run(SuiteRunner.java:276)
at org.testng.SuiteRunnerWorker.runSuite(SuiteRunnerWorker.java:53)
at org.testng.SuiteRunnerWorker.run(SuiteRunnerWorker.java:96)
at org.testng.TestNG.runSuitesSequentially(TestNG.java:1212)
at org.testng.TestNG.runSuitesLocally(TestNG.java:1134)
at org.testng.TestNG.runSuites(TestNG.java:1063)
at org.testng.TestNG.run(TestNG.java:1031)
at org.testng.remote.AbstractRemoteTestNG.run(AbstractRemoteTestNG.java:115)
at org.testng.remote.RemoteTestNG.initAndRun(RemoteTestNG.java:293)
at org.testng.remote.RemoteTestNG.main(RemoteTestNG.java:91)
Caused by: java.util.concurrent.TimeoutException
at java.base/java.util.concurrent.CompletableFuture.timedGet(CompletableFuture.java:1960)
at java.base/java.util.concurrent.CompletableFuture.get(CompletableFuture.java:2095)
at org.openqa.selenium.remote.http.jdk.JdkHttpClient.execute0(JdkHttpClient.java:382)
... 40 more
]]>
    </error>
  </testcase> <!-- initialize -->
  <system-out/>
  <testcase classname="TestCase.TestCases_Prudhvi2" name="VerifyLoginFunctionalityWithValidCredantials" time="0.000">
    <skipped/>
  </testcase> <!-- VerifyLoginFunctionalityWithValidCredantials -->
  <system-out/>
  <testcase classname="TestCase.TestCases_Prudhvi2" name="VerifyAppSigSenderorderWOEWOA" time="0.000">
    <skipped/>
  </testcase> <!-- VerifyAppSigSenderorderWOEWOA -->
  <system-out/>
  <testcase classname="TestCase.TestCases_Prudhvi2" name="VerifySendersigCCorderWOEWOA" time="0.000">
    <skipped/>
  </testcase> <!-- VerifySendersigCCorderWOEWOA -->
  <system-out/>
  <testcase classname="TestCase.TestCases_Prudhvi2" name="VerifySigSenderCCorderWOEWOA" time="0.000">
    <skipped/>
  </testcase> <!-- VerifySigSenderCCorderWOEWOA -->
  <system-out/>
  <testcase classname="TestCase.TestCases_Prudhvi2" name="VerifyCCSenderSingerWOEWOA" time="0.000">
    <skipped/>
  </testcase> <!-- VerifyCCSenderSingerWOEWOA -->
  <system-out/>
  <testcase classname="TestCase.TestCases_Prudhvi2" name="VerifySingerCCSenderWOEWOA" time="0.000">
    <skipped/>
  </testcase> <!-- VerifySingerCCSenderWOEWOA -->
  <system-out/>
  <testcase classname="TestCase.TestCases_Prudhvi2" name="VerifySenderCCSignerWOEWOA" time="0.000">
    <skipped/>
  </testcase> <!-- VerifySenderCCSignerWOEWOA -->
  <system-out/>
  <testcase classname="TestCase.TestCases_Prudhvi2" name="VerifyCCSignerSenderWOEWOA" time="0.000">
    <skipped/>
  </testcase> <!-- VerifyCCSignerSenderWOEWOA -->
  <system-out/>
  <testcase classname="TestCase.TestCases_Prudhvi2" name="VerifySenderMultipleApprovers" time="0.000">
    <skipped/>
  </testcase> <!-- VerifySenderMultipleApprovers -->
  <system-out/>
  <testcase classname="TestCase.TestCases_Prudhvi2" name="VerifyMultpleApproverSender" time="0.000">
    <skipped/>
  </testcase> <!-- VerifyMultpleApproverSender -->
  <system-out/>
  <testcase classname="TestCase.TestCases_Prudhvi2" name="VerifySenderMultipleCC" time="0.000">
    <skipped/>
  </testcase> <!-- VerifySenderMultipleCC -->
  <system-out/>
  <testcase classname="TestCase.TestCases_Prudhvi2" name="VerifyMultpleCCSender" time="0.000">
    <skipped/>
  </testcase> <!-- VerifyMultpleCCSender -->
  <system-out/>
  <testcase classname="TestCase.TestCases_Prudhvi2" name="VerifyDocForSingleSender" time="0.000">
    <skipped/>
  </testcase> <!-- VerifyDocForSingleSender -->
  <system-out/>
  <testcase classname="TestCase.TestCases_Prudhvi2" name="VerifyDaftsentdocument" time="0.000">
    <skipped/>
  </testcase> <!-- VerifyDaftsentdocument -->
  <system-out/>
  <testcase classname="TestCase.TestCases_Prudhvi2" name="VerifyDraftSaveAsTemplate" time="0.000">
    <skipped/>
  </testcase> <!-- VerifyDraftSaveAsTemplate -->
  <system-out/>
  <testcase classname="TestCase.TestCases_Prudhvi2" name="VerifyDraftrenamedocument" time="0.000">
    <skipped/>
  </testcase> <!-- VerifyDraftrenamedocument -->
  <system-out/>
  <testcase classname="TestCase.TestCases_Prudhvi2" name="VerifyDraftDocumentSettings" time="0.000">
    <skipped/>
  </testcase> <!-- VerifyDraftDocumentSettings -->
  <system-out/>
  <testcase classname="TestCase.TestCases_Prudhvi2" name="VerifyDraftDeleteDocument" time="0.000">
    <skipped/>
  </testcase> <!-- VerifyDraftDeleteDocument -->
  <system-out/>
  <testcase classname="TestCase.TestCases_Prudhvi2" name="VerifySentCorrectDocument" time="0.000">
    <skipped/>
  </testcase> <!-- VerifySentCorrectDocument -->
  <system-out/>
  <testcase classname="TestCase.TestCases_Prudhvi2" name="VerifySentResenddocument" time="0.000">
    <skipped/>
  </testcase> <!-- VerifySentResenddocument -->
  <system-out/>
  <testcase classname="TestCase.TestCases_Prudhvi2" name="VerifySentsavetoTemplate" time="0.000">
    <skipped/>
  </testcase> <!-- VerifySentsavetoTemplate -->
  <system-out/>
  <testcase classname="TestCase.TestCases_Prudhvi2" name="VerifySentVoiddocument" time="0.000">
    <skipped/>
  </testcase> <!-- VerifySentVoiddocument -->
  <system-out/>
  <testcase classname="TestCase.TestCases_Prudhvi2" name="VerifySentRenamedocument" time="0.000">
    <skipped/>
  </testcase> <!-- VerifySentRenamedocument -->
  <system-out/>
  <testcase classname="TestCase.TestCases_Prudhvi2" name="VerifySentdocumentsettings" time="0.000">
    <skipped/>
  </testcase> <!-- VerifySentdocumentsettings -->
  <system-out/>
  <testcase classname="TestCase.TestCases_Prudhvi2" name="VerifySentDeletedocument" time="0.000">
    <skipped/>
  </testcase> <!-- VerifySentDeletedocument -->
  <system-out/>
  <testcase classname="TestCase.TestCases_Prudhvi2" name="VerifyApprovedCorrectdocumentDocuments" time="0.000">
    <skipped/>
  </testcase> <!-- VerifyApprovedCorrectdocumentDocuments -->
  <system-out/>
  <testcase classname="TestCase.TestCases_Prudhvi2" name="VerifyApprovedResendDocument" time="0.000">
    <skipped/>
  </testcase> <!-- VerifyApprovedResendDocument -->
  <system-out/>
  <testcase classname="TestCase.TestCases_Prudhvi2" name="VerifyApprovedSaveAsTemplate" time="0.000">
    <skipped/>
  </testcase> <!-- VerifyApprovedSaveAsTemplate -->
  <system-out/>
  <testcase classname="TestCase.TestCases_Prudhvi2" name="VerifyApprovedVoidDocument" time="0.000">
    <skipped/>
  </testcase> <!-- VerifyApprovedVoidDocument -->
  <system-out/>
  <testcase classname="TestCase.TestCases_Prudhvi2" name="VerifyApprovedRenameDocument" time="0.000">
    <skipped/>
  </testcase> <!-- VerifyApprovedRenameDocument -->
  <system-out/>
  <testcase classname="TestCase.TestCases_Prudhvi2" name="VerifyApprovedDocumentSettings" time="0.000">
    <skipped/>
  </testcase> <!-- VerifyApprovedDocumentSettings -->
  <system-out/>
  <testcase classname="TestCase.TestCases_Prudhvi2" name="VerifyApprovedApprovedDeleteDocument" time="0.000">
    <skipped/>
  </testcase> <!-- VerifyApprovedApprovedDeleteDocument -->
  <system-out/>
  <testcase classname="TestCase.TestCases_Prudhvi2" name="VerifyDelineddocument" time="0.000">
    <skipped/>
  </testcase> <!-- VerifyDelineddocument -->
  <system-out/>
  <testcase classname="TestCase.TestCases_Prudhvi2" name="VerifyDeclinedVoiddocument" time="0.000">
    <skipped/>
  </testcase> <!-- VerifyDeclinedVoiddocument -->
  <system-out/>
  <testcase classname="TestCase.TestCases_Prudhvi2" name="VerifyDeclinedDeclinedRenamedocument" time="0.000">
    <skipped/>
  </testcase> <!-- VerifyDeclinedDeclinedRenamedocument -->
  <system-out/>
  <testcase classname="TestCase.TestCases_Prudhvi2" name="VerifyDeclinedDocumentSettings" time="0.000">
    <skipped/>
  </testcase> <!-- VerifyDeclinedDocumentSettings -->
  <system-out/>
  <testcase classname="TestCase.TestCases_Prudhvi2" name="VerifyDeclinedDeletedocument" time="0.000">
    <skipped/>
  </testcase> <!-- VerifyDeclinedDeletedocument -->
  <system-out/>
  <testcase classname="TestCase.TestCases_Prudhvi2" name="VerifYVoidSaveastemplate" time="0.000">
    <skipped/>
  </testcase> <!-- VerifYVoidSaveastemplate -->
  <system-out/>
  <testcase classname="TestCase.TestCases_Prudhvi2" name="VerifyVoidClonedocument" time="0.000">
    <skipped/>
  </testcase> <!-- VerifyVoidClonedocument -->
  <system-out/>
  <testcase classname="TestCase.TestCases_Prudhvi2" name="VerifyVoidDeletedocument" time="0.000">
    <skipped/>
  </testcase> <!-- VerifyVoidDeletedocument -->
  <system-out/>
  <testcase classname="TestCase.TestCases_Prudhvi2" name="VerifyArchivedRenamedocuments" time="0.000">
    <skipped/>
  </testcase> <!-- VerifyArchivedRenamedocuments -->
  <system-out/>
  <testcase classname="TestCase.TestCases_Prudhvi2" name="VerifyArchivedUndodocument" time="0.000">
    <skipped/>
  </testcase> <!-- VerifyArchivedUndodocument -->
  <system-out/>
  <testcase classname="TestCase.TestCases_Prudhvi2" name="VerifyArchivedPermanentdelete" time="0.000">
    <skipped/>
  </testcase> <!-- VerifyArchivedPermanentdelete -->
  <system-out/>
  <testcase classname="TestCase.TestCases_Prudhvi2" name="VerifyCompletedSaveastemplate" time="0.000">
    <skipped/>
  </testcase> <!-- VerifyCompletedSaveastemplate -->
  <system-out/>
  <testcase classname="TestCase.TestCases_Prudhvi2" name="VerifyCompletedSharewithothers" time="0.000">
    <skipped/>
  </testcase> <!-- VerifyCompletedSharewithothers -->
  <system-out/>
  <testcase classname="TestCase.TestCases_Prudhvi2" name="VerifyCompletedClonedocument" time="0.000">
    <skipped/>
  </testcase> <!-- VerifyCompletedClonedocument -->
  <system-out/>
  <testcase classname="TestCase.TestCases_Prudhvi2" name="VerifyCompletedRenamedocument" time="0.000">
    <skipped/>
  </testcase> <!-- VerifyCompletedRenamedocument -->
  <system-out/>
  <testcase classname="TestCase.TestCases_Prudhvi2" name="VerifyCompletedDownloaddocuement" time="0.000">
    <skipped/>
  </testcase> <!-- VerifyCompletedDownloaddocuement -->
  <system-out/>
  <testcase classname="TestCase.TestCases_Prudhvi2" name="VerifyCompletedDeletedocuement" time="0.000">
    <skipped/>
  </testcase> <!-- VerifyCompletedDeletedocuement -->
  <system-out/>
  <testcase classname="TestCase.TestCases_Prudhvi2" name="VerifyCompletedSenttomail" time="0.000">
    <skipped/>
  </testcase> <!-- VerifyCompletedSenttomail -->
  <system-out/>
  <testcase classname="TestCase.TestCases_Prudhvi2" name="VerifyWaitformeWaitforme" time="0.000">
    <skipped/>
  </testcase> <!-- VerifyWaitformeWaitforme -->
  <system-out/>
  <testcase classname="TestCase.TestCases_Prudhvi2" name="VerifyWaitingForOthersCorrectdocument" time="0.000">
    <skipped/>
  </testcase> <!-- VerifyWaitingForOthersCorrectdocument -->
  <system-out/>
  <testcase classname="TestCase.TestCases_Prudhvi2" name="VerifyWaitingForOthersResenddocument" time="0.000">
    <skipped/>
  </testcase> <!-- VerifyWaitingForOthersResenddocument -->
  <system-out/>
  <testcase classname="TestCase.TestCases_Prudhvi2" name="VerifyWaitingForOthersSaveastemplate" time="0.000">
    <skipped/>
  </testcase> <!-- VerifyWaitingForOthersSaveastemplate -->
  <system-out/>
  <testcase classname="TestCase.TestCases_Prudhvi2" name="VerifyWaitingForOthersVoiddocument" time="0.000">
    <skipped/>
  </testcase> <!-- VerifyWaitingForOthersVoiddocument -->
  <system-out/>
  <testcase classname="TestCase.TestCases_Prudhvi2" name="VerifyWaitingForOthersRenamedocument" time="0.000">
    <skipped/>
  </testcase> <!-- VerifyWaitingForOthersRenamedocument -->
  <system-out/>
  <testcase classname="TestCase.TestCases_Prudhvi2" name="VerifyWaitingForOthersDocumentsettings" time="0.000">
    <skipped/>
  </testcase> <!-- VerifyWaitingForOthersDocumentsettings -->
  <system-out/>
  <testcase classname="TestCase.TestCases_Prudhvi2" name="VerifyWaitingForOthersDeletedocument" time="0.000">
    <skipped/>
  </testcase> <!-- VerifyWaitingForOthersDeletedocument -->
  <system-out/>
  <testcase classname="TestCase.TestCases_Prudhvi2" name="VerifyProcessSingleDoc" time="0.000">
    <skipped/>
  </testcase> <!-- VerifyProcessSingleDoc -->
  <system-out/>
  <testcase classname="TestCase.TestCases_Prudhvi2" name="VerifyProcessWithOutSingledoc" time="0.000">
    <skipped/>
  </testcase> <!-- VerifyProcessWithOutSingledoc -->
  <system-out/>
  <testcase classname="TestCase.TestCases_Prudhvi2" name="VerfySaveAsDraft" time="0.000">
    <skipped/>
  </testcase> <!-- VerfySaveAsDraft -->
  <system-out/>
  <testcase classname="TestCase.TestCases_Prudhvi2" name="VerifySettings" time="0.000">
    <skipped/>
  </testcase> <!-- VerifySettings -->
  <system-out/>
  <testcase classname="TestCase.TestCases_Prudhvi2" name="VerifyChangeDoc" time="0.000">
    <skipped/>
  </testcase> <!-- VerifyChangeDoc -->
  <system-out/>
  <testcase classname="TestCase.TestCases_Prudhvi2" name="VerifyLockFields" time="0.000">
    <skipped/>
  </testcase> <!-- VerifyLockFields -->
  <system-out/>
  <testcase classname="TestCase.TestCases_Prudhvi2" name="VerifyAddPages" time="0.000">
    <skipped/>
  </testcase> <!-- VerifyAddPages -->
  <system-out/>
  <testcase classname="TestCase.TestCases_Prudhvi2" name="VerifyDeletePages" time="0.000">
    <skipped/>
  </testcase> <!-- VerifyDeletePages -->
  <system-out/>
  <testcase classname="TestCase.TestCases_Prudhvi2" name="VerifyApproverSenderapprove" time="0.000">
    <skipped/>
  </testcase> <!-- VerifyApproverSenderapprove -->
  <system-out/>
  <testcase classname="TestCase.TestCases_Prudhvi2" name="VerifyApproverSenderDecline" time="0.000">
    <skipped/>
  </testcase> <!-- VerifyApproverSenderDecline -->
  <system-out/>
  <testcase classname="TestCase.TestCases_Prudhvi2" name="Verifyotheroptionsfinishlater" time="0.000">
    <skipped/>
  </testcase> <!-- Verifyotheroptionsfinishlater -->
  <system-out/>
  <testcase classname="TestCase.TestCases_Prudhvi2" name="Verifyotheroptionsprintandsign" time="0.000">
    <skipped/>
  </testcase> <!-- Verifyotheroptionsprintandsign -->
  <system-out/>
  <testcase classname="TestCase.TestCases_Prudhvi2" name="VerifyOtheroptionsdownload" time="0.000">
    <skipped/>
  </testcase> <!-- VerifyOtheroptionsdownload -->
  <system-out/>
  <testcase classname="TestCase.TestCases_Prudhvi2" name="Verifyotheroptionshistory" time="0.000">
    <skipped/>
  </testcase> <!-- Verifyotheroptionshistory -->
  <system-out/>
  <testcase classname="TestCase.TestCases_Prudhvi2" name="Verifyotheroptionssettings" time="0.000">
    <skipped/>
  </testcase> <!-- Verifyotheroptionssettings -->
  <system-out/>
  <testcase classname="TestCase.TestCases_Prudhvi2" name="VerifyotheroptionsCorrectdoc" time="0.000">
    <skipped/>
  </testcase> <!-- VerifyotheroptionsCorrectdoc -->
  <system-out/>
  <testcase classname="TestCase.TestCases_Prudhvi2" name="Verifyotheroptionssaveastem" time="0.000">
    <skipped/>
  </testcase> <!-- Verifyotheroptionssaveastem -->
  <system-out/>
  <testcase classname="TestCase.TestCases_Prudhvi2" name="Verifyotheroptionsvoiddoc" time="0.000">
    <skipped/>
  </testcase> <!-- Verifyotheroptionsvoiddoc -->
  <system-out/>
  <testcase classname="TestCase.TestCases_Prudhvi2" name="Verifychatandlogs" time="0.000">
    <skipped/>
  </testcase> <!-- Verifychatandlogs -->
  <system-out/>
  <testcase classname="TestCase.TestCases_Prudhvi2" name="VerifyOtheroptionsdeletedocument" time="0.000">
    <skipped/>
  </testcase> <!-- VerifyOtheroptionsdeletedocument -->
  <system-out/>
  <testcase classname="TestCase.TestCases_Prudhvi2" name="VerifyPdfAutoFillreceiver" time="0.000">
    <skipped/>
  </testcase> <!-- VerifyPdfAutoFillreceiver -->
  <system-out/>
  <testcase classname="TestCase.TestCases_Prudhvi2" name="VerifyBuldDeleteDocuments" time="0.000">
    <skipped/>
  </testcase> <!-- VerifyBuldDeleteDocuments -->
  <system-out/>
  <testcase classname="TestCase.TestCases_Prudhvi2" name="SplitSinglelineText" time="0.000">
    <skipped/>
  </testcase> <!-- SplitSinglelineText -->
  <system-out/>
  <testcase classname="TestCase.TestCases_Prudhvi2" name="Verifychangeuser" time="0.000">
    <skipped/>
  </testcase> <!-- Verifychangeuser -->
  <system-out/>
  <testcase classname="TestCase.TestCases_Prudhvi2" name="VerifyCopylink" time="0.000">
    <skipped/>
  </testcase> <!-- VerifyCopylink -->
  <system-out/>
  <testcase classname="TestCase.TestCases_Prudhvi2" name="VerifyClonedocumentForsinglesender" time="0.000">
    <skipped/>
  </testcase> <!-- VerifyClonedocumentForsinglesender -->
  <system-out/>
</testsuite> <!-- TestCase.TestCases_Prudhvi2 -->
