<?xml version="1.0" encoding="UTF-8"?>
<!-- Generated by org.testng.reporters.JUnitReportReporter -->
<testsuite hostname="HGT-LAP-310" failures="0" tests="12" name="TestCase.EntitiesScenariosTestRamya" time="397.737" errors="1" timestamp="2024-03-20T10:39:19 IST" skipped="9">
  <testcase classname="TestCase.EntitiesScenariosTestRamya" name="Verify4841" time="161.874"/>
  <system-out/>
  <testcase classname="TestCase.EntitiesScenariosTestRamya" name="Verifybugid4841" time="160.692"/>
  <system-out/>
  <testcase classname="TestCase.EntitiesScenariosTestRamya" name="Validbugid4786" time="75.171">
    <error message="no such element: Unable to locate element: {&quot;method&quot;:&quot;xpath&quot;,&quot;selector&quot;:&quot;//div[@class=&#039;el-table__fixed&#039;]//div[contains(text(),&#039;Book venue&#039;)]/ancestor::tr//span[normalize-space()=&quot;Actions&quot;]&quot;}
  (Session info: chrome=122.0.6261.129)
For documentation on this error, please visit: https://www.selenium.dev/documentation/webdriver/troubleshooting/errors#no-such-element-exception
Build info: version: &#039;4.18.1&#039;, revision: &#039;b1d3319b48&#039;
System info: os.name: &#039;Windows 11&#039;, os.arch: &#039;amd64&#039;, os.version: &#039;10.0&#039;, java.version: &#039;21.0.1&#039;
Driver info: org.openqa.selenium.chrome.ChromeDriver
Command: [437e5234bf514f15a87a1976a2106abe, findElement {value=//div[@class=&#039;el-table__fixed&#039;]//div[contains(text(),&#039;Book venue&#039;)]/ancestor::tr//span[normalize-space()=&quot;Actions&quot;], using=xpath}]
Capabilities {acceptInsecureCerts: false, browserName: chrome, browserVersion: 122.0.6261.129, chrome: {chromedriverVersion: 122.0.6261.128 (f18a44fedeb..., userDataDir: C:\Users\PRUDHV~1.BUD\AppDa...}, fedcm:accounts: true, goog:chromeOptions: {debuggerAddress: localhost:64369}, networkConnectionEnabled: false, pageLoadStrategy: normal, platformName: windows, proxy: Proxy(), se:cdp: ws://localhost:64369/devtoo..., se:cdpVersion: 122.0.6261.129, setWindowRect: true, strictFileInteractability: false, timeouts: {implicit: 0, pageLoad: 300000, script: 30000}, unhandledPromptBehavior: dismiss and notify, webauthn:extension:credBlob: true, webauthn:extension:largeBlob: true, webauthn:extension:minPinLength: true, webauthn:extension:prf: true, webauthn:virtualAuthenticators: true}
Session ID: 437e5234bf514f15a87a1976a2106abe" type="org.openqa.selenium.NoSuchElementException">
      <![CDATA[org.openqa.selenium.NoSuchElementException: no such element: Unable to locate element: {"method":"xpath","selector":"//div[@class='el-table__fixed']//div[contains(text(),'Book venue')]/ancestor::tr//span[normalize-space()="Actions"]"}
  (Session info: chrome=122.0.6261.129)
For documentation on this error, please visit: https://www.selenium.dev/documentation/webdriver/troubleshooting/errors#no-such-element-exception
Build info: version: '4.18.1', revision: 'b1d3319b48'
System info: os.name: 'Windows 11', os.arch: 'amd64', os.version: '10.0', java.version: '21.0.1'
Driver info: org.openqa.selenium.chrome.ChromeDriver
Command: [437e5234bf514f15a87a1976a2106abe, findElement {value=//div[@class='el-table__fixed']//div[contains(text(),'Book venue')]/ancestor::tr//span[normalize-space()="Actions"], using=xpath}]
Capabilities {acceptInsecureCerts: false, browserName: chrome, browserVersion: 122.0.6261.129, chrome: {chromedriverVersion: 122.0.6261.128 (f18a44fedeb..., userDataDir: C:\Users\PRUDHV~1.BUD\AppDa...}, fedcm:accounts: true, goog:chromeOptions: {debuggerAddress: localhost:64369}, networkConnectionEnabled: false, pageLoadStrategy: normal, platformName: windows, proxy: Proxy(), se:cdp: ws://localhost:64369/devtoo..., se:cdpVersion: 122.0.6261.129, setWindowRect: true, strictFileInteractability: false, timeouts: {implicit: 0, pageLoad: 300000, script: 30000}, unhandledPromptBehavior: dismiss and notify, webauthn:extension:credBlob: true, webauthn:extension:largeBlob: true, webauthn:extension:minPinLength: true, webauthn:extension:prf: true, webauthn:virtualAuthenticators: true}
Session ID: 437e5234bf514f15a87a1976a2106abe
at java.base/jdk.internal.reflect.DirectConstructorHandleAccessor.newInstance(DirectConstructorHandleAccessor.java:62)
at java.base/java.lang.reflect.Constructor.newInstanceWithCaller(Constructor.java:502)
at java.base/java.lang.reflect.Constructor.newInstance(Constructor.java:486)
at org.openqa.selenium.remote.ErrorCodec.decode(ErrorCodec.java:167)
at org.openqa.selenium.remote.codec.w3c.W3CHttpResponseCodec.decode(W3CHttpResponseCodec.java:138)
at org.openqa.selenium.remote.codec.w3c.W3CHttpResponseCodec.decode(W3CHttpResponseCodec.java:50)
at org.openqa.selenium.remote.HttpCommandExecutor.execute(HttpCommandExecutor.java:190)
at org.openqa.selenium.remote.service.DriverCommandExecutor.invokeExecute(DriverCommandExecutor.java:216)
at org.openqa.selenium.remote.service.DriverCommandExecutor.execute(DriverCommandExecutor.java:174)
at org.openqa.selenium.remote.RemoteWebDriver.execute(RemoteWebDriver.java:519)
at org.openqa.selenium.remote.ElementLocation$ElementFinder$2.findElement(ElementLocation.java:165)
at org.openqa.selenium.remote.ElementLocation.findElement(ElementLocation.java:59)
at org.openqa.selenium.remote.RemoteWebDriver.findElement(RemoteWebDriver.java:356)
at org.openqa.selenium.remote.RemoteWebDriver.findElement(RemoteWebDriver.java:350)
at Pages.Entities.ValidEntityField(Entities.java:678)
at TestCase.EntitiesScenariosTestRamya.Validbugid4786(EntitiesScenariosTestRamya.java:120)
at java.base/jdk.internal.reflect.DirectMethodHandleAccessor.invoke(DirectMethodHandleAccessor.java:103)
at java.base/java.lang.reflect.Method.invoke(Method.java:580)
at org.testng.internal.MethodInvocationHelper.invokeMethod(MethodInvocationHelper.java:133)
at org.testng.internal.TestInvoker.invokeMethod(TestInvoker.java:598)
at org.testng.internal.TestInvoker.invokeTestMethod(TestInvoker.java:173)
at org.testng.internal.MethodRunner.runInSequence(MethodRunner.java:46)
at org.testng.internal.TestInvoker$MethodInvocationAgent.invoke(TestInvoker.java:824)
at org.testng.internal.TestInvoker.invokeTestMethods(TestInvoker.java:146)
at org.testng.internal.TestMethodWorker.invokeTestMethods(TestMethodWorker.java:146)
at org.testng.internal.TestMethodWorker.run(TestMethodWorker.java:128)
at java.base/java.util.ArrayList.forEach(ArrayList.java:1596)
at org.testng.TestRunner.privateRun(TestRunner.java:794)
at org.testng.TestRunner.run(TestRunner.java:596)
at org.testng.SuiteRunner.runTest(SuiteRunner.java:377)
at org.testng.SuiteRunner.runSequentially(SuiteRunner.java:371)
at org.testng.SuiteRunner.privateRun(SuiteRunner.java:332)
at org.testng.SuiteRunner.run(SuiteRunner.java:276)
at org.testng.SuiteRunnerWorker.runSuite(SuiteRunnerWorker.java:53)
at org.testng.SuiteRunnerWorker.run(SuiteRunnerWorker.java:96)
at org.testng.TestNG.runSuitesSequentially(TestNG.java:1212)
at org.testng.TestNG.runSuitesLocally(TestNG.java:1134)
at org.testng.TestNG.runSuites(TestNG.java:1063)
at org.testng.TestNG.run(TestNG.java:1031)
at org.testng.remote.AbstractRemoteTestNG.run(AbstractRemoteTestNG.java:115)
at org.testng.remote.RemoteTestNG.initAndRun(RemoteTestNG.java:251)
at org.testng.remote.RemoteTestNG.main(RemoteTestNG.java:77)
]]>
    </error>
  </testcase> <!-- Validbugid4786 -->
  <system-out/>
  <testcase classname="TestCase.EntitiesScenariosTestRamya" name="Validbugid4831">
    <skipped/>
  </testcase> <!-- Validbugid4831 -->
  <system-out/>
  <testcase classname="TestCase.EntitiesScenariosTestRamya" name="VerifyCreateEntities">
    <skipped/>
  </testcase> <!-- VerifyCreateEntities -->
  <system-out/>
  <testcase classname="TestCase.EntitiesScenariosTestRamya" name="VerifyGeneralEntitytype">
    <skipped/>
  </testcase> <!-- VerifyGeneralEntitytype -->
  <system-out/>
  <testcase classname="TestCase.EntitiesScenariosTestRamya" name="Validbugid4692">
    <skipped/>
  </testcase> <!-- Validbugid4692 -->
  <system-out/>
  <testcase classname="TestCase.EntitiesScenariosTestRamya" name="VerifyBusinessentity">
    <skipped/>
  </testcase> <!-- VerifyBusinessentity -->
  <system-out/>
  <testcase classname="TestCase.EntitiesScenariosTestRamya" name="ValidBugID2199">
    <skipped/>
  </testcase> <!-- ValidBugID2199 -->
  <system-out/>
  <testcase classname="TestCase.EntitiesScenariosTestRamya" name="ValidBugID1553">
    <skipped/>
  </testcase> <!-- ValidBugID1553 -->
  <system-out/>
  <testcase classname="TestCase.EntitiesScenariosTestRamya" name="VerifyIndividualEntityType">
    <skipped/>
  </testcase> <!-- VerifyIndividualEntityType -->
  <system-out/>
  <testcase classname="TestCase.EntitiesScenariosTestRamya" name="ValidBugID3280">
    <skipped/>
  </testcase> <!-- ValidBugID3280 -->
  <system-out/>
</testsuite> <!-- TestCase.EntitiesScenariosTestRamya -->
