<?xml version="1.0" encoding="UTF-8"?>
<!-- Generated by org.testng.reporters.JUnitReportReporter -->
<testsuite hostname="HGT-LAP-310" failures="0" tests="20" name="TestCase.FormTemplate_Testcases" time="0.486" errors="1" timestamp="2024-05-09T17:41:20 IST" skipped="19">
  <testcase classname="TestCase.FormTemplate_Testcases" name="Start" time="0.486">
    <error message="Unable to obtain: chromedriver, error chrome must exist: C:\usr\bin\sgoogle-chrome-stable
For documentation on this error, please visit: https://www.selenium.dev/documentation/webdriver/troubleshooting/errors/driver_location/
Build info: version: &#039;4.20.0&#039;, revision: &#039;866c76ca80&#039;
System info: os.name: &#039;Windows 11&#039;, os.arch: &#039;amd64&#039;, os.version: &#039;10.0&#039;, java.version: &#039;21.0.1&#039;
Driver info: driver.version: ChromeDriver" type="org.openqa.selenium.remote.NoSuchDriverException">
      <![CDATA[org.openqa.selenium.remote.NoSuchDriverException: Unable to obtain: chromedriver, error chrome must exist: C:\usr\bin\sgoogle-chrome-stable
For documentation on this error, please visit: https://www.selenium.dev/documentation/webdriver/troubleshooting/errors/driver_location/
Build info: version: '4.20.0', revision: '866c76ca80'
System info: os.name: 'Windows 11', os.arch: 'amd64', os.version: '10.0', java.version: '21.0.1'
Driver info: driver.version: ChromeDriver
at org.openqa.selenium.remote.service.DriverFinder.getBinaryPaths(DriverFinder.java:121)
at org.openqa.selenium.remote.service.DriverFinder.getDriverPath(DriverFinder.java:55)
at org.openqa.selenium.chrome.ChromeDriver.generateExecutor(ChromeDriver.java:99)
at org.openqa.selenium.chrome.ChromeDriver.<init>(ChromeDriver.java:88)
at org.openqa.selenium.chrome.ChromeDriver.<init>(ChromeDriver.java:83)
at org.openqa.selenium.chrome.ChromeDriver.<init>(ChromeDriver.java:72)
at TestBase.testCaseBase.setup(testCaseBase.java:74)
at TestCase.FormTemplate_Testcases.Start(FormTemplate_Testcases.java:56)
at java.base/jdk.internal.reflect.DirectMethodHandleAccessor.invoke(DirectMethodHandleAccessor.java:103)
at java.base/java.lang.reflect.Method.invoke(Method.java:580)
at org.testng.internal.MethodInvocationHelper.invokeMethod(MethodInvocationHelper.java:133)
at org.testng.internal.MethodInvocationHelper.invokeMethodConsideringTimeout(MethodInvocationHelper.java:62)
at org.testng.internal.ConfigInvoker.invokeConfigurationMethod(ConfigInvoker.java:385)
at org.testng.internal.ConfigInvoker.invokeConfigurations(ConfigInvoker.java:321)
at org.testng.internal.TestInvoker.runConfigMethods(TestInvoker.java:700)
at org.testng.internal.TestInvoker.invokeMethod(TestInvoker.java:527)
at org.testng.internal.TestInvoker.invokeTestMethod(TestInvoker.java:173)
at org.testng.internal.MethodRunner.runInSequence(MethodRunner.java:46)
at org.testng.internal.TestInvoker$MethodInvocationAgent.invoke(TestInvoker.java:824)
at org.testng.internal.TestInvoker.invokeTestMethods(TestInvoker.java:146)
at org.testng.internal.TestMethodWorker.invokeTestMethods(TestMethodWorker.java:146)
at org.testng.internal.TestMethodWorker.run(TestMethodWorker.java:128)
at java.base/java.util.ArrayList.forEach(ArrayList.java:1596)
at org.testng.TestRunner.privateRun(TestRunner.java:794)
at org.testng.TestRunner.run(TestRunner.java:596)
at org.testng.SuiteRunner.runTest(SuiteRunner.java:377)
at org.testng.SuiteRunner.runSequentially(SuiteRunner.java:371)
at org.testng.SuiteRunner.privateRun(SuiteRunner.java:332)
at org.testng.SuiteRunner.run(SuiteRunner.java:276)
at org.testng.SuiteRunnerWorker.runSuite(SuiteRunnerWorker.java:53)
at org.testng.SuiteRunnerWorker.run(SuiteRunnerWorker.java:96)
at org.testng.TestNG.runSuitesSequentially(TestNG.java:1212)
at org.testng.TestNG.runSuitesLocally(TestNG.java:1134)
at org.testng.TestNG.runSuites(TestNG.java:1063)
at org.testng.TestNG.run(TestNG.java:1031)
at org.testng.remote.AbstractRemoteTestNG.run(AbstractRemoteTestNG.java:115)
at org.testng.remote.RemoteTestNG.initAndRun(RemoteTestNG.java:251)
at org.testng.remote.RemoteTestNG.main(RemoteTestNG.java:77)
Caused by: java.lang.IllegalStateException: chrome must exist: C:\usr\bin\sgoogle-chrome-stable
at org.openqa.selenium.internal.Require$FileStateChecker.isFile(Require.java:346)
at org.openqa.selenium.internal.Require$FileStateChecker.isExecutable(Require.java:368)
at org.openqa.selenium.remote.service.DriverFinder.getBinaryPaths(DriverFinder.java:104)
... 37 more
]]>
    </error>
  </testcase> <!-- Start -->
  <system-out/>
  <testcase classname="TestCase.FormTemplate_Testcases" name="ContentHorizontalLine" time="0.000">
    <skipped/>
  </testcase> <!-- ContentHorizontalLine -->
  <system-out/>
  <testcase classname="TestCase.FormTemplate_Testcases" name="ContentDivision" time="0.000">
    <skipped/>
  </testcase> <!-- ContentDivision -->
  <system-out/>
  <testcase classname="TestCase.FormTemplate_Testcases" name="AdvancedAutoIncrementNumber" time="0.000">
    <skipped/>
  </testcase> <!-- AdvancedAutoIncrementNumber -->
  <system-out/>
  <testcase classname="TestCase.FormTemplate_Testcases" name="AdvancedLocation" time="0.000">
    <skipped/>
  </testcase> <!-- AdvancedLocation -->
  <system-out/>
  <testcase classname="TestCase.FormTemplate_Testcases" name="AdvancedCurrency" time="0.000">
    <skipped/>
  </testcase> <!-- AdvancedCurrency -->
  <system-out/>
  <testcase classname="TestCase.FormTemplate_Testcases" name="AdvancedQuestion" time="0.000">
    <skipped/>
  </testcase> <!-- AdvancedQuestion -->
  <system-out/>
  <testcase classname="TestCase.FormTemplate_Testcases" name="AdvancedEntity" time="0.000">
    <skipped/>
  </testcase> <!-- AdvancedEntity -->
  <system-out/>
  <testcase classname="TestCase.FormTemplate_Testcases" name="AdvancedFormula" time="0.000">
    <skipped/>
  </testcase> <!-- AdvancedFormula -->
  <system-out/>
  <testcase classname="TestCase.FormTemplate_Testcases" name="AdvancedAggregateFunction" time="0.000">
    <skipped/>
  </testcase> <!-- AdvancedAggregateFunction -->
  <system-out/>
  <testcase classname="TestCase.FormTemplate_Testcases" name="AdvancedChildEntityTable" time="0.000">
    <skipped/>
  </testcase> <!-- AdvancedChildEntityTable -->
  <system-out/>
  <testcase classname="TestCase.FormTemplate_Testcases" name="AdvancedPayButtons" time="0.000">
    <skipped/>
  </testcase> <!-- AdvancedPayButtons -->
  <system-out/>
  <testcase classname="TestCase.FormTemplate_Testcases" name="AdvancedPaymentVariable" time="0.000">
    <skipped/>
  </testcase> <!-- AdvancedPaymentVariable -->
  <system-out/>
  <testcase classname="TestCase.FormTemplate_Testcases" name="AdvancedStarRating" time="0.000">
    <skipped/>
  </testcase> <!-- AdvancedStarRating -->
  <system-out/>
  <testcase classname="TestCase.FormTemplate_Testcases" name="AdvancedConcatenate" time="0.000">
    <skipped/>
  </testcase> <!-- AdvancedConcatenate -->
  <system-out/>
  <testcase classname="TestCase.FormTemplate_Testcases" name="AdvancedAudio" time="0.000">
    <skipped/>
  </testcase> <!-- AdvancedAudio -->
  <system-out/>
  <testcase classname="TestCase.FormTemplate_Testcases" name="AdvancedQRCode" time="0.000">
    <skipped/>
  </testcase> <!-- AdvancedQRCode -->
  <system-out/>
  <testcase classname="TestCase.FormTemplate_Testcases" name="AdvancedQRReader" time="0.000">
    <skipped/>
  </testcase> <!-- AdvancedQRReader -->
  <system-out/>
  <testcase classname="TestCase.FormTemplate_Testcases" name="AdvancedAuthorizedSignature">
    <skipped/>
  </testcase> <!-- AdvancedAuthorizedSignature -->
  <system-out/>
  <testcase classname="TestCase.FormTemplate_Testcases" name="AdvancedDataTable">
    <skipped/>
  </testcase> <!-- AdvancedDataTable -->
  <system-out/>
</testsuite> <!-- TestCase.FormTemplate_Testcases -->
